[INFO] 2024-01-01 10:00:01 start ingestion
[INFO] reading btc_usd.csv
[INFO] reading eth_usd.csv

[WARN] empty line detected
[INFO] ingestion finished
[INFO] 2024-01-01 10:1 ingestion step 1
[ERROR] 2024-01-01 10:2 ingestion step 2
[INFO] 2024-01-01 10:3 ingestion step 3
[INFO] 2024-01-01 10:4 ingestion step 4
[INFO] 2024-01-01 10:5 ingestion step 5
[ERROR] 2024-01-01 10:6 ingestion step 6
[INFO] 2024-01-01 10:7 ingestion step 7
[INFO] 2024-01-01 10:8 ingestion step 8
[INFO] 2024-01-01 10:9 ingestion step 9
[ERROR] 2024-01-01 10:10 ingestion step 10
[ERROR] 2024-01-01 10:11 ingestion step 11
[INFO] 2024-01-01 10:12 ingestion step 12
[INFO] 2024-01-01 10:13 ingestion step 13
[INFO] 2024-01-01 10:14 ingestion step 14
[WARN] 2024-01-01 10:15 ingestion step 15
[INFO] 2024-01-01 10:16 ingestion step 16
[INFO] 2024-01-01 10:17 ingestion step 17
[WARN] 2024-01-01 10:18 ingestion step 18
[INFO] 2024-01-01 10:19 ingestion step 19
[INFO] 2024-01-01 10:20 ingestion step 20
[INFO] 2024-01-01 10:21 ingestion step 21
[INFO] 2024-01-01 10:22 ingestion step 22
[ERROR] 2024-01-01 10:23 ingestion step 23
[WARN] 2024-01-01 10:24 ingestion step 24
[INFO] 2024-01-01 10:25 ingestion step 25
[INFO] 2024-01-01 10:26 ingestion step 26
[INFO] 2024-01-01 10:27 ingestion step 27
[INFO] 2024-01-01 10:28 ingestion step 28
[ERROR] 2024-01-01 10:29 ingestion step 29
[INFO] 2024-01-01 10:30 ingestion step 30
[INFO] 2024-01-01 10:31 ingestion step 31
[INFO] 2024-01-01 10:32 ingestion step 32
[INFO] 2024-01-01 10:33 ingestion step 33
[WARN] 2024-01-01 10:34 ingestion step 34
[ERROR] 2024-01-01 10:35 ingestion step 35
[ERROR] 2024-01-01 10:36 ingestion step 36
[INFO] 2024-01-01 10:37 ingestion step 37
[INFO] 2024-01-01 10:38 ingestion step 38
[INFO] 2024-01-01 10:39 ingestion step 39
[INFO] 2024-01-01 10:40 ingestion step 40
[INFO] 2024-01-01 10:41 ingestion step 41
[INFO] 2024-01-01 10:42 ingestion step 42
[ERROR] 2024-01-01 10:43 ingestion step 43
[INFO] 2024-01-01 10:44 ingestion step 44
[INFO] 2024-01-01 10:45 ingestion step 45
[INFO] 2024-01-01 10:46 ingestion step 46
[INFO] 2024-01-01 10:47 ingestion step 47
[INFO] 2024-01-01 10:48 ingestion step 48
[ERROR] 2024-01-01 10:49 ingestion step 49
[ERROR] 2024-01-01 10:50 ingestion step 50
[INFO] 2024-01-01 10:51 ingestion step 51
[INFO] 2024-01-01 10:52 ingestion step 52
[WARN] 2024-01-01 10:53 ingestion step 53
[ERROR] 2024-01-01 10:54 ingestion step 54
[INFO] 2024-01-01 10:55 ingestion step 55
[ERROR] 2024-01-01 10:56 ingestion step 56
[INFO] 2024-01-01 10:57 ingestion step 57
[INFO] 2024-01-01 10:58 ingestion step 58
[INFO] 2024-01-01 10:59 ingestion step 59
[INFO] 2024-01-01 10:60 ingestion step 60
[INFO] 2024-01-01 10:61 ingestion step 61
[INFO] 2024-01-01 10:62 ingestion step 62
[WARN] 2024-01-01 10:63 ingestion step 63
[WARN] 2024-01-01 10:64 ingestion step 64
[INFO] 2024-01-01 10:65 ingestion step 65
[WARN] 2024-01-01 10:66 ingestion step 66
[INFO] 2024-01-01 10:67 ingestion step 67
[INFO] 2024-01-01 10:68 ingestion step 68
[WARN] 2024-01-01 10:69 ingestion step 69
[ERROR] 2024-01-01 10:70 ingestion step 70
[INFO] 2024-01-01 10:71 ingestion step 71
[INFO] 2024-01-01 10:72 ingestion step 72
[INFO] 2024-01-01 10:73 ingestion step 73
[INFO] 2024-01-01 10:74 ingestion step 74
[INFO] 2024-01-01 10:75 ingestion step 75
[WARN] 2024-01-01 10:76 ingestion step 76
[ERROR] 2024-01-01 10:77 ingestion step 77
[WARN] 2024-01-01 10:78 ingestion step 78
[INFO] 2024-01-01 10:79 ingestion step 79
[INFO] 2024-01-01 10:80 ingestion step 80
[WARN] 2024-01-01 10:81 ingestion step 81
[INFO] 2024-01-01 10:82 ingestion step 82
[ERROR] 2024-01-01 10:83 ingestion step 83
[WARN] 2024-01-01 10:84 ingestion step 84
[ERROR] 2024-01-01 10:85 ingestion step 85
[WARN] 2024-01-01 10:86 ingestion step 86
[INFO] 2024-01-01 10:87 ingestion step 87
[ERROR] 2024-01-01 10:88 ingestion step 88
[ERROR] 2024-01-01 10:89 ingestion step 89
[WARN] 2024-01-01 10:90 ingestion step 90
[WARN] 2024-01-01 10:91 ingestion step 91
[INFO] 2024-01-01 10:92 ingestion step 92
[ERROR] 2024-01-01 10:93 ingestion step 93
[INFO] 2024-01-01 10:94 ingestion step 94
[INFO] 2024-01-01 10:95 ingestion step 95
[INFO] 2024-01-01 10:96 ingestion step 96
[INFO] 2024-01-01 10:97 ingestion step 97
[INFO] 2024-01-01 10:98 ingestion step 98
[ERROR] 2024-01-01 10:99 ingestion step 99
[INFO] 2024-01-01 10:100 ingestion step 100
[WARN] 2024-01-01 10:101 ingestion step 101
[WARN] 2024-01-01 10:102 ingestion step 102
[WARN] 2024-01-01 10:103 ingestion step 103
[INFO] 2024-01-01 10:104 ingestion step 104
[INFO] 2024-01-01 10:105 ingestion step 105
[WARN] 2024-01-01 10:106 ingestion step 106
[WARN] 2024-01-01 10:107 ingestion step 107
[INFO] 2024-01-01 10:108 ingestion step 108
[ERROR] 2024-01-01 10:109 ingestion step 109
[WARN] 2024-01-01 10:110 ingestion step 110
[INFO] 2024-01-01 10:111 ingestion step 111
[INFO] 2024-01-01 10:112 ingestion step 112
[ERROR] 2024-01-01 10:113 ingestion step 113
[INFO] 2024-01-01 10:114 ingestion step 114
[WARN] 2024-01-01 10:115 ingestion step 115
[INFO] 2024-01-01 10:116 ingestion step 116
[INFO] 2024-01-01 10:117 ingestion step 117
[ERROR] 2024-01-01 10:118 ingestion step 118
[ERROR] 2024-01-01 10:119 ingestion step 119
[WARN] 2024-01-01 10:120 ingestion step 120
[ERROR] 2024-01-01 10:121 ingestion step 121
[WARN] 2024-01-01 10:122 ingestion step 122
[WARN] 2024-01-01 10:123 ingestion step 123
[ERROR] 2024-01-01 10:124 ingestion step 124
[INFO] 2024-01-01 10:125 ingestion step 125
[INFO] 2024-01-01 10:126 ingestion step 126
[INFO] 2024-01-01 10:127 ingestion step 127
[WARN] 2024-01-01 10:128 ingestion step 128
[INFO] 2024-01-01 10:129 ingestion step 129
[INFO] 2024-01-01 10:130 ingestion step 130
[INFO] 2024-01-01 10:131 ingestion step 131
[INFO] 2024-01-01 10:132 ingestion step 132
[INFO] 2024-01-01 10:133 ingestion step 133
[INFO] 2024-01-01 10:134 ingestion step 134
[ERROR] 2024-01-01 10:135 ingestion step 135
[ERROR] 2024-01-01 10:136 ingestion step 136
[WARN] 2024-01-01 10:137 ingestion step 137
[WARN] 2024-01-01 10:138 ingestion step 138
[INFO] 2024-01-01 10:139 ingestion step 139
[INFO] 2024-01-01 10:140 ingestion step 140
[INFO] 2024-01-01 10:141 ingestion step 141
[INFO] 2024-01-01 10:142 ingestion step 142
[WARN] 2024-01-01 10:143 ingestion step 143
[INFO] 2024-01-01 10:144 ingestion step 144
[INFO] 2024-01-01 10:145 ingestion step 145
[ERROR] 2024-01-01 10:146 ingestion step 146
[ERROR] 2024-01-01 10:147 ingestion step 147
[INFO] 2024-01-01 10:148 ingestion step 148
[ERROR] 2024-01-01 10:149 ingestion step 149
[INFO] 2024-01-01 10:150 ingestion step 150
[INFO] 2024-01-01 10:151 ingestion step 151
[WARN] 2024-01-01 10:152 ingestion step 152
[WARN] 2024-01-01 10:153 ingestion step 153
[INFO] 2024-01-01 10:154 ingestion step 154
[WARN] 2024-01-01 10:155 ingestion step 155
[INFO] 2024-01-01 10:156 ingestion step 156
[INFO] 2024-01-01 10:157 ingestion step 157
[WARN] 2024-01-01 10:158 ingestion step 158
[INFO] 2024-01-01 10:159 ingestion step 159
[INFO] 2024-01-01 10:160 ingestion step 160
[INFO] 2024-01-01 10:161 ingestion step 161
[WARN] 2024-01-01 10:162 ingestion step 162
[INFO] 2024-01-01 10:163 ingestion step 163
[WARN] 2024-01-01 10:164 ingestion step 164
[INFO] 2024-01-01 10:165 ingestion step 165
[INFO] 2024-01-01 10:166 ingestion step 166
[ERROR] 2024-01-01 10:167 ingestion step 167
[INFO] 2024-01-01 10:168 ingestion step 168
[ERROR] 2024-01-01 10:169 ingestion step 169
[INFO] 2024-01-01 10:170 ingestion step 170
[WARN] 2024-01-01 10:171 ingestion step 171
[INFO] 2024-01-01 10:172 ingestion step 172
[ERROR] 2024-01-01 10:173 ingestion step 173
[INFO] 2024-01-01 10:174 ingestion step 174
[INFO] 2024-01-01 10:175 ingestion step 175
[INFO] 2024-01-01 10:176 ingestion step 176
[INFO] 2024-01-01 10:177 ingestion step 177
[WARN] 2024-01-01 10:178 ingestion step 178
[ERROR] 2024-01-01 10:179 ingestion step 179
[INFO] 2024-01-01 10:180 ingestion step 180
[INFO] 2024-01-01 10:181 ingestion step 181
[INFO] 2024-01-01 10:182 ingestion step 182
[WARN] 2024-01-01 10:183 ingestion step 183
[INFO] 2024-01-01 10:184 ingestion step 184
[INFO] 2024-01-01 10:185 ingestion step 185
[ERROR] 2024-01-01 10:186 ingestion step 186
[WARN] 2024-01-01 10:187 ingestion step 187
[INFO] 2024-01-01 10:188 ingestion step 188
[INFO] 2024-01-01 10:189 ingestion step 189
[ERROR] 2024-01-01 10:190 ingestion step 190
[INFO] 2024-01-01 10:191 ingestion step 191
[INFO] 2024-01-01 10:192 ingestion step 192
[INFO] 2024-01-01 10:193 ingestion step 193
[INFO] 2024-01-01 10:194 ingestion step 194
[INFO] 2024-01-01 10:195 ingestion step 195
[WARN] 2024-01-01 10:196 ingestion step 196
[INFO] 2024-01-01 10:197 ingestion step 197
[INFO] 2024-01-01 10:198 ingestion step 198
[WARN] 2024-01-01 10:199 ingestion step 199
[INFO] 2024-01-01 10:200 ingestion step 200
[WARN] 2024-01-01 10:201 ingestion step 201
[INFO] 2024-01-01 10:202 ingestion step 202
[INFO] 2024-01-01 10:203 ingestion step 203
[WARN] 2024-01-01 10:204 ingestion step 204
[ERROR] 2024-01-01 10:205 ingestion step 205
[INFO] 2024-01-01 10:206 ingestion step 206
[INFO] 2024-01-01 10:207 ingestion step 207
[INFO] 2024-01-01 10:208 ingestion step 208
[INFO] 2024-01-01 10:209 ingestion step 209
[ERROR] 2024-01-01 10:210 ingestion step 210
[WARN] 2024-01-01 10:211 ingestion step 211
[INFO] 2024-01-01 10:212 ingestion step 212
[INFO] 2024-01-01 10:213 ingestion step 213
[WARN] 2024-01-01 10:214 ingestion step 214
[INFO] 2024-01-01 10:215 ingestion step 215
[INFO] 2024-01-01 10:216 ingestion step 216
[INFO] 2024-01-01 10:217 ingestion step 217
[WARN] 2024-01-01 10:218 ingestion step 218
[INFO] 2024-01-01 10:219 ingestion step 219
[ERROR] 2024-01-01 10:220 ingestion step 220
[INFO] 2024-01-01 10:221 ingestion step 221
[WARN] 2024-01-01 10:222 ingestion step 222
[INFO] 2024-01-01 10:223 ingestion step 223
[INFO] 2024-01-01 10:224 ingestion step 224
[INFO] 2024-01-01 10:225 ingestion step 225
[ERROR] 2024-01-01 10:226 ingestion step 226
[INFO] 2024-01-01 10:227 ingestion step 227
[INFO] 2024-01-01 10:228 ingestion step 228
[WARN] 2024-01-01 10:229 ingestion step 229
[INFO] 2024-01-01 10:230 ingestion step 230
[INFO] 2024-01-01 10:231 ingestion step 231
[WARN] 2024-01-01 10:232 ingestion step 232
[ERROR] 2024-01-01 10:233 ingestion step 233
[ERROR] 2024-01-01 10:234 ingestion step 234
[INFO] 2024-01-01 10:235 ingestion step 235
[INFO] 2024-01-01 10:236 ingestion step 236
[INFO] 2024-01-01 10:237 ingestion step 237
[WARN] 2024-01-01 10:238 ingestion step 238
[WARN] 2024-01-01 10:239 ingestion step 239
[ERROR] 2024-01-01 10:240 ingestion step 240
[INFO] 2024-01-01 10:241 ingestion step 241
[INFO] 2024-01-01 10:242 ingestion step 242
[WARN] 2024-01-01 10:243 ingestion step 243
[INFO] 2024-01-01 10:244 ingestion step 244
[INFO] 2024-01-01 10:245 ingestion step 245
[INFO] 2024-01-01 10:246 ingestion step 246
[WARN] 2024-01-01 10:247 ingestion step 247
[ERROR] 2024-01-01 10:248 ingestion step 248
[ERROR] 2024-01-01 10:249 ingestion step 249
[INFO] 2024-01-01 10:250 ingestion step 250
[INFO] 2024-01-01 10:251 ingestion step 251
[INFO] 2024-01-01 10:252 ingestion step 252
[INFO] 2024-01-01 10:253 ingestion step 253
[INFO] 2024-01-01 10:254 ingestion step 254
[WARN] 2024-01-01 10:255 ingestion step 255
[INFO] 2024-01-01 10:256 ingestion step 256
[INFO] 2024-01-01 10:257 ingestion step 257
[WARN] 2024-01-01 10:258 ingestion step 258
[INFO] 2024-01-01 10:259 ingestion step 259
[ERROR] 2024-01-01 10:260 ingestion step 260
[INFO] 2024-01-01 10:261 ingestion step 261
[INFO] 2024-01-01 10:262 ingestion step 262
[ERROR] 2024-01-01 10:263 ingestion step 263
[INFO] 2024-01-01 10:264 ingestion step 264
[ERROR] 2024-01-01 10:265 ingestion step 265
[INFO] 2024-01-01 10:266 ingestion step 266
[INFO] 2024-01-01 10:267 ingestion step 267
[ERROR] 2024-01-01 10:268 ingestion step 268
[INFO] 2024-01-01 10:269 ingestion step 269
[INFO] 2024-01-01 10:270 ingestion step 270
[INFO] 2024-01-01 10:271 ingestion step 271
[ERROR] 2024-01-01 10:272 ingestion step 272
[ERROR] 2024-01-01 10:273 ingestion step 273
[WARN] 2024-01-01 10:274 ingestion step 274
[INFO] 2024-01-01 10:275 ingestion step 275
[WARN] 2024-01-01 10:276 ingestion step 276
[ERROR] 2024-01-01 10:277 ingestion step 277
[ERROR] 2024-01-01 10:278 ingestion step 278
[ERROR] 2024-01-01 10:279 ingestion step 279
[INFO] 2024-01-01 10:280 ingestion step 280
[INFO] 2024-01-01 10:281 ingestion step 281
[INFO] 2024-01-01 10:282 ingestion step 282
[ERROR] 2024-01-01 10:283 ingestion step 283
[WARN] 2024-01-01 10:284 ingestion step 284
[WARN] 2024-01-01 10:285 ingestion step 285
[ERROR] 2024-01-01 10:286 ingestion step 286
[ERROR] 2024-01-01 10:287 ingestion step 287
[INFO] 2024-01-01 10:288 ingestion step 288
[WARN] 2024-01-01 10:289 ingestion step 289
[WARN] 2024-01-01 10:290 ingestion step 290
[INFO] 2024-01-01 10:291 ingestion step 291
[INFO] 2024-01-01 10:292 ingestion step 292
[ERROR] 2024-01-01 10:293 ingestion step 293
[INFO] 2024-01-01 10:294 ingestion step 294
[INFO] 2024-01-01 10:295 ingestion step 295
[INFO] 2024-01-01 10:296 ingestion step 296
[ERROR] 2024-01-01 10:297 ingestion step 297
[INFO] 2024-01-01 10:298 ingestion step 298
[INFO] 2024-01-01 10:299 ingestion step 299
[INFO] 2024-01-01 10:300 ingestion step 300
[INFO] 2024-01-01 10:301 ingestion step 301
[ERROR] 2024-01-01 10:302 ingestion step 302
[WARN] 2024-01-01 10:303 ingestion step 303
[WARN] 2024-01-01 10:304 ingestion step 304
[INFO] 2024-01-01 10:305 ingestion step 305
[ERROR] 2024-01-01 10:306 ingestion step 306
[WARN] 2024-01-01 10:307 ingestion step 307
[INFO] 2024-01-01 10:308 ingestion step 308
[ERROR] 2024-01-01 10:309 ingestion step 309
[WARN] 2024-01-01 10:310 ingestion step 310
[INFO] 2024-01-01 10:311 ingestion step 311
[INFO] 2024-01-01 10:312 ingestion step 312
[INFO] 2024-01-01 10:313 ingestion step 313
[INFO] 2024-01-01 10:314 ingestion step 314
[ERROR] 2024-01-01 10:315 ingestion step 315
[ERROR] 2024-01-01 10:316 ingestion step 316
[WARN] 2024-01-01 10:317 ingestion step 317
[INFO] 2024-01-01 10:318 ingestion step 318
[INFO] 2024-01-01 10:319 ingestion step 319
[INFO] 2024-01-01 10:320 ingestion step 320
[INFO] 2024-01-01 10:321 ingestion step 321
[WARN] 2024-01-01 10:322 ingestion step 322
[ERROR] 2024-01-01 10:323 ingestion step 323
[INFO] 2024-01-01 10:324 ingestion step 324
[ERROR] 2024-01-01 10:325 ingestion step 325
[INFO] 2024-01-01 10:326 ingestion step 326
[INFO] 2024-01-01 10:327 ingestion step 327
[INFO] 2024-01-01 10:328 ingestion step 328
[WARN] 2024-01-01 10:329 ingestion step 329
[WARN] 2024-01-01 10:330 ingestion step 330
[INFO] 2024-01-01 10:331 ingestion step 331
[INFO] 2024-01-01 10:332 ingestion step 332
[INFO] 2024-01-01 10:333 ingestion step 333
[INFO] 2024-01-01 10:334 ingestion step 334
[INFO] 2024-01-01 10:335 ingestion step 335
[ERROR] 2024-01-01 10:336 ingestion step 336
[INFO] 2024-01-01 10:337 ingestion step 337
[WARN] 2024-01-01 10:338 ingestion step 338
[INFO] 2024-01-01 10:339 ingestion step 339
[INFO] 2024-01-01 10:340 ingestion step 340
[WARN] 2024-01-01 10:341 ingestion step 341
[INFO] 2024-01-01 10:342 ingestion step 342
[INFO] 2024-01-01 10:343 ingestion step 343
[ERROR] 2024-01-01 10:344 ingestion step 344
[ERROR] 2024-01-01 10:345 ingestion step 345
[WARN] 2024-01-01 10:346 ingestion step 346
[ERROR] 2024-01-01 10:347 ingestion step 347
[INFO] 2024-01-01 10:348 ingestion step 348
[INFO] 2024-01-01 10:349 ingestion step 349
[INFO] 2024-01-01 10:350 ingestion step 350
[WARN] 2024-01-01 10:351 ingestion step 351
[INFO] 2024-01-01 10:352 ingestion step 352
[WARN] 2024-01-01 10:353 ingestion step 353
[INFO] 2024-01-01 10:354 ingestion step 354
[INFO] 2024-01-01 10:355 ingestion step 355
[INFO] 2024-01-01 10:356 ingestion step 356
[INFO] 2024-01-01 10:357 ingestion step 357
[INFO] 2024-01-01 10:358 ingestion step 358
[WARN] 2024-01-01 10:359 ingestion step 359
[INFO] 2024-01-01 10:360 ingestion step 360
[WARN] 2024-01-01 10:361 ingestion step 361
[INFO] 2024-01-01 10:362 ingestion step 362
[INFO] 2024-01-01 10:363 ingestion step 363
[INFO] 2024-01-01 10:364 ingestion step 364
[INFO] 2024-01-01 10:365 ingestion step 365
[INFO] 2024-01-01 10:366 ingestion step 366
[ERROR] 2024-01-01 10:367 ingestion step 367
[WARN] 2024-01-01 10:368 ingestion step 368
[WARN] 2024-01-01 10:369 ingestion step 369
[INFO] 2024-01-01 10:370 ingestion step 370
[INFO] 2024-01-01 10:371 ingestion step 371
[ERROR] 2024-01-01 10:372 ingestion step 372
[WARN] 2024-01-01 10:373 ingestion step 373
[INFO] 2024-01-01 10:374 ingestion step 374
[WARN] 2024-01-01 10:375 ingestion step 375
[WARN] 2024-01-01 10:376 ingestion step 376
[ERROR] 2024-01-01 10:377 ingestion step 377
[INFO] 2024-01-01 10:378 ingestion step 378
[INFO] 2024-01-01 10:379 ingestion step 379
[WARN] 2024-01-01 10:380 ingestion step 380
[ERROR] 2024-01-01 10:381 ingestion step 381
[INFO] 2024-01-01 10:382 ingestion step 382
[INFO] 2024-01-01 10:383 ingestion step 383
[INFO] 2024-01-01 10:384 ingestion step 384
[INFO] 2024-01-01 10:385 ingestion step 385
[ERROR] 2024-01-01 10:386 ingestion step 386
[ERROR] 2024-01-01 10:387 ingestion step 387
[INFO] 2024-01-01 10:388 ingestion step 388
[WARN] 2024-01-01 10:389 ingestion step 389
[INFO] 2024-01-01 10:390 ingestion step 390
[INFO] 2024-01-01 10:391 ingestion step 391
[INFO] 2024-01-01 10:392 ingestion step 392
[INFO] 2024-01-01 10:393 ingestion step 393
[INFO] 2024-01-01 10:394 ingestion step 394
[WARN] 2024-01-01 10:395 ingestion step 395
[INFO] 2024-01-01 10:396 ingestion step 396
[INFO] 2024-01-01 10:397 ingestion step 397
[INFO] 2024-01-01 10:398 ingestion step 398
[ERROR] 2024-01-01 10:399 ingestion step 399
[ERROR] 2024-01-01 10:400 ingestion step 400
[INFO] 2024-01-01 10:401 ingestion step 401
[WARN] 2024-01-01 10:402 ingestion step 402
[INFO] 2024-01-01 10:403 ingestion step 403
[INFO] 2024-01-01 10:404 ingestion step 404
[WARN] 2024-01-01 10:405 ingestion step 405
[WARN] 2024-01-01 10:406 ingestion step 406
[INFO] 2024-01-01 10:407 ingestion step 407
[INFO] 2024-01-01 10:408 ingestion step 408
[INFO] 2024-01-01 10:409 ingestion step 409
[ERROR] 2024-01-01 10:410 ingestion step 410
[ERROR] 2024-01-01 10:411 ingestion step 411
[INFO] 2024-01-01 10:412 ingestion step 412
[INFO] 2024-01-01 10:413 ingestion step 413
[INFO] 2024-01-01 10:414 ingestion step 414
[INFO] 2024-01-01 10:415 ingestion step 415
[INFO] 2024-01-01 10:416 ingestion step 416
[INFO] 2024-01-01 10:417 ingestion step 417
[INFO] 2024-01-01 10:418 ingestion step 418
[WARN] 2024-01-01 10:419 ingestion step 419
[INFO] 2024-01-01 10:420 ingestion step 420
[INFO] 2024-01-01 10:421 ingestion step 421
[WARN] 2024-01-01 10:422 ingestion step 422
[INFO] 2024-01-01 10:423 ingestion step 423
[INFO] 2024-01-01 10:424 ingestion step 424
[INFO] 2024-01-01 10:425 ingestion step 425
[ERROR] 2024-01-01 10:426 ingestion step 426
[ERROR] 2024-01-01 10:427 ingestion step 427
[WARN] 2024-01-01 10:428 ingestion step 428
[INFO] 2024-01-01 10:429 ingestion step 429
[INFO] 2024-01-01 10:430 ingestion step 430
[INFO] 2024-01-01 10:431 ingestion step 431
[INFO] 2024-01-01 10:432 ingestion step 432
[INFO] 2024-01-01 10:433 ingestion step 433
[INFO] 2024-01-01 10:434 ingestion step 434
[WARN] 2024-01-01 10:435 ingestion step 435
[INFO] 2024-01-01 10:436 ingestion step 436
[ERROR] 2024-01-01 10:437 ingestion step 437
[INFO] 2024-01-01 10:438 ingestion step 438
[INFO] 2024-01-01 10:439 ingestion step 439
[INFO] 2024-01-01 10:440 ingestion step 440
[INFO] 2024-01-01 10:441 ingestion step 441
[INFO] 2024-01-01 10:442 ingestion step 442
[INFO] 2024-01-01 10:443 ingestion step 443
[ERROR] 2024-01-01 10:444 ingestion step 444
[INFO] 2024-01-01 10:445 ingestion step 445
[WARN] 2024-01-01 10:446 ingestion step 446
[INFO] 2024-01-01 10:447 ingestion step 447
[INFO] 2024-01-01 10:448 ingestion step 448
[INFO] 2024-01-01 10:449 ingestion step 449
[INFO] 2024-01-01 10:450 ingestion step 450
[ERROR] 2024-01-01 10:451 ingestion step 451
[INFO] 2024-01-01 10:452 ingestion step 452
[INFO] 2024-01-01 10:453 ingestion step 453
[ERROR] 2024-01-01 10:454 ingestion step 454
[INFO] 2024-01-01 10:455 ingestion step 455
[INFO] 2024-01-01 10:456 ingestion step 456
[WARN] 2024-01-01 10:457 ingestion step 457
[INFO] 2024-01-01 10:458 ingestion step 458
[INFO] 2024-01-01 10:459 ingestion step 459
[INFO] 2024-01-01 10:460 ingestion step 460
[INFO] 2024-01-01 10:461 ingestion step 461
[ERROR] 2024-01-01 10:462 ingestion step 462
[INFO] 2024-01-01 10:463 ingestion step 463
[INFO] 2024-01-01 10:464 ingestion step 464
[ERROR] 2024-01-01 10:465 ingestion step 465
[WARN] 2024-01-01 10:466 ingestion step 466
[INFO] 2024-01-01 10:467 ingestion step 467
[INFO] 2024-01-01 10:468 ingestion step 468
[INFO] 2024-01-01 10:469 ingestion step 469
[INFO] 2024-01-01 10:470 ingestion step 470
[INFO] 2024-01-01 10:471 ingestion step 471
[INFO] 2024-01-01 10:472 ingestion step 472
[WARN] 2024-01-01 10:473 ingestion step 473
[ERROR] 2024-01-01 10:474 ingestion step 474
[INFO] 2024-01-01 10:475 ingestion step 475
[WARN] 2024-01-01 10:476 ingestion step 476
[ERROR] 2024-01-01 10:477 ingestion step 477
[INFO] 2024-01-01 10:478 ingestion step 478
[ERROR] 2024-01-01 10:479 ingestion step 479
[INFO] 2024-01-01 10:480 ingestion step 480
[WARN] 2024-01-01 10:481 ingestion step 481
[WARN] 2024-01-01 10:482 ingestion step 482
[WARN] 2024-01-01 10:483 ingestion step 483
[WARN] 2024-01-01 10:484 ingestion step 484
[WARN] 2024-01-01 10:485 ingestion step 485
[ERROR] 2024-01-01 10:486 ingestion step 486
[INFO] 2024-01-01 10:487 ingestion step 487
[INFO] 2024-01-01 10:488 ingestion step 488
[WARN] 2024-01-01 10:489 ingestion step 489
[WARN] 2024-01-01 10:490 ingestion step 490
[INFO] 2024-01-01 10:491 ingestion step 491
[ERROR] 2024-01-01 10:492 ingestion step 492
[WARN] 2024-01-01 10:493 ingestion step 493
[WARN] 2024-01-01 10:494 ingestion step 494
[ERROR] 2024-01-01 10:495 ingestion step 495
[ERROR] 2024-01-01 10:496 ingestion step 496
[INFO] 2024-01-01 10:497 ingestion step 497
[INFO] 2024-01-01 10:498 ingestion step 498
[WARN] 2024-01-01 10:499 ingestion step 499
[ERROR] 2024-01-01 10:500 ingestion step 500
